<?xml version="1.0" encoding="UTF-8"?>
<!-- Generated by org.testng.reporters.JUnitReportReporter -->
<testsuite hostname="Hari" failures="0" tests="1" name="com.TestNGOCT.ScreenShotFailledCases" time="9.459" errors="0" timestamp="2024-11-09T11:06:39 IST" skipped="0">
  <testcase classname="com.TestNGOCT.ScreenShotFailledCases" name="FailTestCasesScreenshot" time="9.459"/>
</testsuite> <!-- com.TestNGOCT.ScreenShotFailledCases -->
