<?xml version="1.0" encoding="UTF-8"?>
<!-- Generated by org.testng.reporters.JUnitReportReporter -->
<testsuite hostname="Hari" failures="0" tests="1" name="com.ExcelWorkBook.ReadFile" time="0.636" errors="0" timestamp="2024-11-09T10:30:08 IST" skipped="0">
  <testcase classname="com.ExcelWorkBook.ReadFile" name="readFile" time="0.636"/>
</testsuite> <!-- com.ExcelWorkBook.ReadFile -->
