<?xml version="1.0" encoding="UTF-8"?>
<!-- Generated by org.testng.reporters.JUnitReportReporter -->
<testsuite hostname="Hari" failures="0" tests="1" name="com.TestNGOCT.Amazon" time="17.573" errors="0" timestamp="2024-11-10T16:59:55 IST" skipped="0">
  <testcase classname="com.TestNGOCT.Amazon" name="iDNameClassName" time="17.573"/>
</testsuite> <!-- com.TestNGOCT.Amazon -->
