<?xml version="1.0" encoding="UTF-8"?>
<!-- Generated by org.testng.reporters.JUnitReportReporter -->
<testsuite hostname="Hari" failures="0" tests="1" name="com.ExcelWorkBook.ReadFile1" time="0.679" errors="0" timestamp="2024-11-09T10:06:56 IST" skipped="0">
  <testcase classname="com.ExcelWorkBook.ReadFile1" name="ReadFile" time="0.679"/>
</testsuite> <!-- com.ExcelWorkBook.ReadFile1 -->
