<?xml version="1.0" encoding="UTF-8"?>
<!-- Generated by org.testng.reporters.JUnitReportReporter -->
<testsuite hostname="Hari" failures="0" tests="2" name="com.TestNGOCT.dataProvider" time="12.298" errors="0" timestamp="2024-10-23T07:35:23 IST" skipped="0">
  <testcase classname="com.TestNGOCT.dataProvider" name="Login" time="6.061"/>
  <testcase classname="com.TestNGOCT.dataProvider" name="Login" time="6.237"/>
</testsuite> <!-- com.TestNGOCT.dataProvider -->
